{"message":"choisissez une image valide svp","level":"error"}
{"message":"Cannot set headers after they are sent to the client","level":"error"}
{"message":"the app has been successfully connected to the database","level":"info"}
{"message":"the app has been successfully connected to the database","level":"info"}
{"message":"the app has been successfully connected to the database","level":"info"}
{"message":"the app has been successfully connected to the database","level":"info"}
{"message":"the app has been successfully connected to the database","level":"info"}
{"message":"the app has been successfully connected to the database","level":"info"}
{"message":"the app has been successfully connected to the database","level":"info"}
{"message":"the app has been successfully connected to the database","level":"info"}
{"message":"the app has been successfully connected to the database","level":"info"}
{"message":"the app has been successfully connected to the database","level":"info"}
{"message":"the app has been successfully connected to the database","level":"info"}
{"message":"the app has been successfully connected to the database","level":"info"}
{"message":"the app has been successfully connected to the database","level":"info"}
{"message":"the app has been successfully connected to the database","level":"info"}
{"message":"the app has been successfully connected to the database","level":"info"}
{"message":"the app has been successfully connected to the database","level":"info"}
{"message":"the app has been successfully connected to the database","level":"info"}
{"message":"the app has been successfully connected to the database","level":"info"}
{"message":"the app has been successfully connected to the database","level":"info"}
{"message":"the app has been successfully connected to the database","level":"info"}
{"message":"the app has been successfully connected to the database","level":"info"}
{"message":"the app has been successfully connected to the database","level":"info"}
{"message":"the app has been successfully connected to the database","level":"info"}
{"message":"the app has been successfully connected to the database","level":"info"}
{"message":"the app has been successfully connected to the database","level":"info"}
{"message":"the app has been successfully connected to the database","level":"info"}
{"message":"the app has been successfully connected to the database","level":"info"}
{"message":"the app has been successfully connected to the database","level":"info"}
{"message":"the app has been successfully connected to the database","level":"info"}
{"message":"Champ 'descripArticle' inconnu dans field list","level":"error"}
{"message":"Champ 'descripArticle' inconnu dans field list","level":"error"}
{"message":"the app has been successfully connected to the database","level":"info"}
{"message":"the app has been successfully connected to the database","level":"info"}
{"message":"Cannot read property 'createArticle' of null","level":"error"}
{"message":"Cannot read property 'createArticle' of null","level":"error"}
{"message":"the app has been successfully connected to the database","level":"info"}
{"message":"the app has been successfully connected to the database","level":"info"}
{"message":"the app has been successfully connected to the database","level":"info"}
{"message":"the app has been successfully connected to the database","level":"info"}
{"message":"the app has been successfully connected to the database","level":"info"}
{"message":"the app has been successfully connected to the database","level":"info"}
{"message":"the app has been successfully connected to the database","level":"info"}
{"message":"the app has been successfully connected to the database","level":"info"}
{"message":"the app has been successfully connected to the database","level":"info"}
{"message":"the app has been successfully connected to the database","level":"info"}
{"message":"the app has been successfully connected to the database","level":"info"}
{"message":"the app has been successfully connected to the database","level":"info"}
{"message":"the app has been successfully connected to the database","level":"info"}
{"message":"the app has been successfully connected to the database","level":"info"}
{"message":"the app has been successfully connected to the database","level":"info"}
{"message":"the app has been successfully connected to the database","level":"info"}
{"message":"the app has been successfully connected to the database","level":"info"}
{"message":"the app has been successfully connected to the database","level":"info"}
{"message":"the app has been successfully connected to the database","level":"info"}
{"message":"the app has been successfully connected to the database","level":"info"}
{"message":"the app has been successfully connected to the database","level":"info"}
{"message":"the app has been successfully connected to the database","level":"info"}
{"message":"the app has been successfully connected to the database","level":"info"}
{"message":"the app has been successfully connected to the database","level":"info"}
{"message":"the app has been successfully connected to the database","level":"info"}
{"level":"error"}
{"message":"the app has been successfully connected to the database","level":"info"}
{"level":"error"}
{"message":"the app has been successfully connected to the database","level":"info"}
{"message":"the app has been successfully connected to the database","level":"info"}
{"message":"the app has been successfully connected to the database","level":"info"}
{"message":"the app has been successfully connected to the database","level":"info"}
{"message":"the app has been successfully connected to the database","level":"info"}
{"message":"the app has been successfully connected to the database","level":"info"}
{"level":"error"}
{"message":"the app has been successfully connected to the database","level":"info"}
{"message":"the app has been successfully connected to the database","level":"info"}
{"message":"the app has been successfully connected to the database","level":"info"}
{"message":"the app has been successfully connected to the database","level":"info"}
{"message":"the app has been successfully connected to the database","level":"info"}
{"message":"the app has been successfully connected to the database","level":"info"}
{"message":"the app has been successfully connected to the database","level":"info"}
{"message":"the app has been successfully connected to the database","level":"info"}
{"message":"the app has been successfully connected to the database","level":"info"}
{"message":"the app has been successfully connected to the database","level":"info"}
{"message":"the app has been successfully connected to the database","level":"info"}
{"message":"the app has been successfully connected to the database","level":"info"}
{"message":"the app has been successfully connected to the database","level":"info"}
{"message":"the app has been successfully connected to the database","level":"info"}
{"message":"the app has been successfully connected to the database","level":"info"}
{"message":"the app has been successfully connected to the database","level":"info"}
{"message":"the app has been successfully connected to the database","level":"info"}
{"message":"the app has been successfully connected to the database","level":"info"}
{"message":"the app has been successfully connected to the database","level":"info"}
{"message":"the app has been successfully connected to the database","level":"info"}
{"message":"the app has been successfully connected to the database","level":"info"}
{"message":"the app has been successfully connected to the database","level":"info"}
{"message":"the app has been successfully connected to the database","level":"info"}
{"message":"the app has been successfully connected to the database","level":"info"}
{"message":"the app has been successfully connected to the database","level":"info"}
{"message":"the app has been successfully connected to the database","level":"info"}
{"message":"the app has been successfully connected to the database","level":"info"}
{"message":"the app has been successfully connected to the database","level":"info"}
{"message":"the app has been successfully connected to the database","level":"info"}
{"message":"the app has been successfully connected to the database","level":"info"}
{"message":"the app has been successfully connected to the database","level":"info"}
{"message":"the app has been successfully connected to the database","level":"info"}
{"message":"the app has been successfully connected to the database","level":"info"}
{"message":"the app has been successfully connected to the database","level":"info"}
{"message":"the app has been successfully connected to the database","level":"info"}
{"message":"the app has been successfully connected to the database","level":"info"}
{"message":"the app has been successfully connected to the database","level":"info"}
{"message":"the app has been successfully connected to the database","level":"info"}
{"message":"the app has been successfully connected to the database","level":"info"}
{"message":"the app has been successfully connected to the database","level":"info"}
{"message":"the app has been successfully connected to the database","level":"info"}
{"message":"the app has been successfully connected to the database","level":"info"}
{"message":"the app has been successfully connected to the database","level":"info"}
{"message":"the app has been successfully connected to the database","level":"info"}
{"message":"the app has been successfully connected to the database","level":"info"}
{"message":"the app has been successfully connected to the database","level":"info"}
{"message":"the app has been successfully connected to the database","level":"info"}
{"message":"the app has been successfully connected to the database","level":"info"}
{"message":"the app has been successfully connected to the database","level":"info"}
{"message":"the app has been successfully connected to the database","level":"info"}
{"message":"the app has been successfully connected to the database","level":"info"}
{"message":"the app has been successfully connected to the database","level":"info"}
{"message":"the app has been successfully connected to the database","level":"info"}
{"message":"the app has been successfully connected to the database","level":"info"}
{"message":"the app has been successfully connected to the database","level":"info"}
{"message":"the app has been successfully connected to the database","level":"info"}
{"message":"the app has been successfully connected to the database","level":"info"}
{"message":"the app has been successfully connected to the database","level":"info"}
{"message":"the app has been successfully connected to the database","level":"info"}
{"message":"the app has been successfully connected to the database","level":"info"}
{"message":"the app has been successfully connected to the database","level":"info"}
{"message":"the app has been successfully connected to the database","level":"info"}
{"message":"the app has been successfully connected to the database","level":"info"}
{"message":"the app has been successfully connected to the database","level":"info"}
{"message":"the app has been successfully connected to the database","level":"info"}
{"message":"the app has been successfully connected to the database","level":"info"}
{"message":"the app has been successfully connected to the database","level":"info"}
{"message":"the app has been successfully connected to the database","level":"info"}
{"message":"the app has been successfully connected to the database","level":"info"}
{"message":"the app has been successfully connected to the database","level":"info"}
{"message":"the app has been successfully connected to the database","level":"info"}
{"message":"the app has been successfully connected to the database","level":"info"}
{"message":"the app has been successfully connected to the database","level":"info"}
{"message":"the app has been successfully connected to the database","level":"info"}
{"message":"the app has been successfully connected to the database","level":"info"}
{"message":"the app has been successfully connected to the database","level":"info"}
{"message":"the app has been successfully connected to the database","level":"info"}
{"message":"the app has been successfully connected to the database","level":"info"}
{"message":"the app has been successfully connected to the database","level":"info"}
{"message":"the app has been successfully connected to the database","level":"info"}
{"message":"the app has been successfully connected to the database","level":"info"}
{"message":"the app has been successfully connected to the database","level":"info"}
{"message":"the app has been successfully connected to the database","level":"info"}
{"message":"the app has been successfully connected to the database","level":"info"}
{"message":"the app has been successfully connected to the database","level":"info"}
{"message":"the app has been successfully connected to the database","level":"info"}
{"message":"the app has been successfully connected to the database","level":"info"}
{"message":"the app has been successfully connected to the database","level":"info"}
{"message":"the app has been successfully connected to the database","level":"info"}
{"message":"the app has been successfully connected to the database","level":"info"}
{"message":"the app has been successfully connected to the database","level":"info"}
{"message":"the app has been successfully connected to the database","level":"info"}
{"message":"the app has been successfully connected to the database","level":"info"}
{"message":"the app has been successfully connected to the database","level":"info"}
{"message":"the app has been successfully connected to the database","level":"info"}
{"message":"the app has been successfully connected to the database","level":"info"}
{"message":"the app has been successfully connected to the database","level":"info"}
{"message":"the app has been successfully connected to the database","level":"info"}
{"message":"the app has been successfully connected to the database","level":"info"}
{"message":"the app has been successfully connected to the database","level":"info"}
{"message":"the app has been successfully connected to the database","level":"info"}
{"message":"the app has been successfully connected to the database","level":"info"}
{"message":"the app has been successfully connected to the database","level":"info"}
{"message":"the app has been successfully connected to the database","level":"info"}
{"message":"the app has been successfully connected to the database","level":"info"}
{"message":"the app has been successfully connected to the database","level":"info"}
{"message":"the app has been successfully connected to the database","level":"info"}
{"message":"the app has been successfully connected to the database","level":"info"}
{"message":"the app has been successfully connected to the database","level":"info"}
{"message":"the app has been successfully connected to the database","level":"info"}
{"message":"the app has been successfully connected to the database","level":"info"}
{"message":"the app has been successfully connected to the database","level":"info"}
{"message":"the app has been successfully connected to the database","level":"info"}
{"message":"the app has been successfully connected to the database","level":"info"}
{"message":"the app has been successfully connected to the database","level":"info"}
{"message":"the app has been successfully connected to the database","level":"info"}
{"message":"the app has been successfully connected to the database","level":"info"}
{"message":"the app has been successfully connected to the database","level":"info"}
{"message":"the app has been successfully connected to the database","level":"info"}
{"message":"the app has been successfully connected to the database","level":"info"}
{"message":"the app has been successfully connected to the database","level":"info"}
{"message":"the app has been successfully connected to the database","level":"info"}
{"message":"the app has been successfully connected to the database","level":"info"}
{"message":"the app has been successfully connected to the database","level":"info"}
{"message":"the app has been successfully connected to the database","level":"info"}
{"message":"the app has been successfully connected to the database","level":"info"}
{"message":"the app has been successfully connected to the database","level":"info"}
{"message":"the app has been successfully connected to the database","level":"info"}
{"message":"the app has been successfully connected to the database","level":"info"}
{"message":"the app has been successfully connected to the database","level":"info"}
{"message":"the app has been successfully connected to the database","level":"info"}
{"message":"the app has been successfully connected to the database","level":"info"}
{"message":"the app has been successfully connected to the database","level":"info"}
{"message":"the app has been successfully connected to the database","level":"info"}
{"message":"the app has been successfully connected to the database","level":"info"}
{"message":"the app has been successfully connected to the database","level":"info"}
{"message":"the app has been successfully connected to the database","level":"info"}
{"message":"the app has been successfully connected to the database","level":"info"}
{"message":"the app has been successfully connected to the database","level":"info"}
{"message":"the app has been successfully connected to the database","level":"info"}
{"message":"the app has been successfully connected to the database","level":"info"}
{"message":"the app has been successfully connected to the database","level":"info"}
{"message":"the app has been successfully connected to the database","level":"info"}
{"message":"the app has been successfully connected to the database","level":"info"}
{"message":"the app has been successfully connected to the database","level":"info"}
{"message":"the app has been successfully connected to the database","level":"info"}
{"message":"the app has been successfully connected to the database","level":"info"}
{"message":"the app has been successfully connected to the database","level":"info"}
{"message":"the app has been successfully connected to the database","level":"info"}
{"message":"the app has been successfully connected to the database","level":"info"}
{"message":"the app has been successfully connected to the database","level":"info"}
{"message":"the app has been successfully connected to the database","level":"info"}
{"message":"the app has been successfully connected to the database","level":"info"}
{"message":"the app has been successfully connected to the database","level":"info"}
{"message":"the app has been successfully connected to the database","level":"info"}
{"message":"the app has been successfully connected to the database","level":"info"}
{"message":"the app has been successfully connected to the database","level":"info"}
{"message":"the app has been successfully connected to the database","level":"info"}
{"message":"the app has been successfully connected to the database","level":"info"}
{"message":"the app has been successfully connected to the database","level":"info"}
{"message":"the app has been successfully connected to the database","level":"info"}
{"message":"the app has been successfully connected to the database","level":"info"}
{"message":"the app has been successfully connected to the database","level":"info"}
{"message":"the app has been successfully connected to the database","level":"info"}
{"message":"the app has been successfully connected to the database","level":"info"}
{"message":"the app has been successfully connected to the database","level":"info"}
{"message":"the app has been successfully connected to the database","level":"info"}
